2017-08-13 13:08:57,277 - Log4JLogChute initialized using file 'velocity.log'
2017-08-13 13:08:57,278 - Initializing Velocity, Calling init()...
2017-08-13 13:08:57,278 - Starting Apache Velocity v1.7 (compiled: 2010-11-19 12:14:37)
2017-08-13 13:08:57,278 - Default Properties File: org\apache\velocity\runtime\defaults\velocity.properties
2017-08-13 13:08:57,278 - Trying to use logger class org.apache.velocity.runtime.log.AvalonLogChute
2017-08-13 13:08:57,278 - Target log system for org.apache.velocity.runtime.log.AvalonLogChute is not available (java.lang.NoClassDefFoundError: org/apache/log/format/Formatter).  Falling back to next log system...
2017-08-13 13:08:57,278 - Trying to use logger class org.apache.velocity.runtime.log.Log4JLogChute
2017-08-13 13:08:57,278 - Using logger class org.apache.velocity.runtime.log.Log4JLogChute
2017-08-13 13:08:57,281 - ResourceLoader instantiated: org.apache.velocity.runtime.resource.loader.ClasspathResourceLoader
2017-08-13 13:08:57,324 - ResourceCache: initialized (class org.apache.velocity.runtime.resource.ResourceCacheImpl) with class java.util.Collections$SynchronizedMap cache map.
2017-08-13 13:08:57,325 - Loaded System Directive: org.apache.velocity.runtime.directive.Stop
2017-08-13 13:08:57,326 - Loaded System Directive: org.apache.velocity.runtime.directive.Define
2017-08-13 13:08:57,326 - Loaded System Directive: org.apache.velocity.runtime.directive.Break
2017-08-13 13:08:57,327 - Loaded System Directive: org.apache.velocity.runtime.directive.Evaluate
2017-08-13 13:08:57,327 - Loaded System Directive: org.apache.velocity.runtime.directive.Literal
2017-08-13 13:08:57,328 - Loaded System Directive: org.apache.velocity.runtime.directive.Macro
2017-08-13 13:08:57,328 - Loaded System Directive: org.apache.velocity.runtime.directive.Parse
2017-08-13 13:08:57,329 - Loaded System Directive: org.apache.velocity.runtime.directive.Include
2017-08-13 13:08:57,330 - Loaded System Directive: org.apache.velocity.runtime.directive.Foreach
2017-08-13 13:08:57,348 - Created '20' parsers.
2017-08-13 13:08:57,351 - Velocimacro : "velocimacro.library" is not set.  Trying default library: VM_global_library.vm
2017-08-13 13:08:57,352 - Could not load resource 'VM_global_library.vm' from ResourceLoader org.apache.velocity.runtime.resource.loader.ClasspathResourceLoader: ClasspathResourceLoader Error: cannot find resource VM_global_library.vm
2017-08-13 13:08:57,352 - Velocimacro : Default library not found.
2017-08-13 13:08:57,352 - Velocimacro : allowInline = true : VMs can be defined inline in templates
2017-08-13 13:08:57,352 - Velocimacro : allowInlineToOverride = false : VMs defined inline may NOT replace previous VM definitions
2017-08-13 13:08:57,352 - Velocimacro : allowInlineLocal = false : VMs defined inline will be global in scope if allowed.
2017-08-13 13:08:57,352 - Velocimacro : autoload off : VM system will not automatically reload global library macros
2017-08-13 13:08:57,416 - ResourceManager : found tpl/entity.java.vm with loader org.apache.velocity.runtime.resource.loader.ClasspathResourceLoader
2017-08-13 13:08:57,429 - ResourceManager : found tpl/mapper.java.vm with loader org.apache.velocity.runtime.resource.loader.ClasspathResourceLoader
2017-08-13 13:08:57,433 - ResourceManager : found tpl/mapper.xml.vm with loader org.apache.velocity.runtime.resource.loader.ClasspathResourceLoader
2017-08-13 13:08:57,435 - ResourceManager : found tpl/service.java.vm with loader org.apache.velocity.runtime.resource.loader.ClasspathResourceLoader
2017-08-13 13:08:57,438 - ResourceManager : found /templates/serviceImpl.java.vm with loader org.apache.velocity.runtime.resource.loader.ClasspathResourceLoader
2017-08-13 13:08:57,456 - ResourceManager : found tpl/controller.java.vm with loader org.apache.velocity.runtime.resource.loader.ClasspathResourceLoader
2017-08-13 13:11:23,677 - Log4JLogChute initialized using file 'velocity.log'
2017-08-13 13:11:23,677 - Initializing Velocity, Calling init()...
2017-08-13 13:11:23,677 - Starting Apache Velocity v1.7 (compiled: 2010-11-19 12:14:37)
2017-08-13 13:11:23,677 - Default Properties File: org\apache\velocity\runtime\defaults\velocity.properties
2017-08-13 13:11:23,677 - Trying to use logger class org.apache.velocity.runtime.log.AvalonLogChute
2017-08-13 13:11:23,677 - Target log system for org.apache.velocity.runtime.log.AvalonLogChute is not available (java.lang.NoClassDefFoundError: org/apache/log/format/Formatter).  Falling back to next log system...
2017-08-13 13:11:23,677 - Trying to use logger class org.apache.velocity.runtime.log.Log4JLogChute
2017-08-13 13:11:23,677 - Using logger class org.apache.velocity.runtime.log.Log4JLogChute
2017-08-13 13:11:23,679 - ResourceLoader instantiated: org.apache.velocity.runtime.resource.loader.ClasspathResourceLoader
2017-08-13 13:11:23,687 - ResourceCache: initialized (class org.apache.velocity.runtime.resource.ResourceCacheImpl) with class java.util.Collections$SynchronizedMap cache map.
2017-08-13 13:11:23,688 - Loaded System Directive: org.apache.velocity.runtime.directive.Stop
2017-08-13 13:11:23,688 - Loaded System Directive: org.apache.velocity.runtime.directive.Define
2017-08-13 13:11:23,703 - Loaded System Directive: org.apache.velocity.runtime.directive.Break
2017-08-13 13:11:23,704 - Loaded System Directive: org.apache.velocity.runtime.directive.Evaluate
2017-08-13 13:11:23,704 - Loaded System Directive: org.apache.velocity.runtime.directive.Literal
2017-08-13 13:11:23,705 - Loaded System Directive: org.apache.velocity.runtime.directive.Macro
2017-08-13 13:11:23,706 - Loaded System Directive: org.apache.velocity.runtime.directive.Parse
2017-08-13 13:11:23,706 - Loaded System Directive: org.apache.velocity.runtime.directive.Include
2017-08-13 13:11:23,707 - Loaded System Directive: org.apache.velocity.runtime.directive.Foreach
2017-08-13 13:11:23,726 - Created '20' parsers.
2017-08-13 13:11:23,728 - Velocimacro : "velocimacro.library" is not set.  Trying default library: VM_global_library.vm
2017-08-13 13:11:23,729 - Could not load resource 'VM_global_library.vm' from ResourceLoader org.apache.velocity.runtime.resource.loader.ClasspathResourceLoader: ClasspathResourceLoader Error: cannot find resource VM_global_library.vm
2017-08-13 13:11:23,729 - Velocimacro : Default library not found.
2017-08-13 13:11:23,729 - Velocimacro : allowInline = true : VMs can be defined inline in templates
2017-08-13 13:11:23,729 - Velocimacro : allowInlineToOverride = false : VMs defined inline may NOT replace previous VM definitions
2017-08-13 13:11:23,729 - Velocimacro : allowInlineLocal = false : VMs defined inline will be global in scope if allowed.
2017-08-13 13:11:23,729 - Velocimacro : autoload off : VM system will not automatically reload global library macros
2017-08-13 13:11:23,742 - ResourceManager : found tpl/entity.java.vm with loader org.apache.velocity.runtime.resource.loader.ClasspathResourceLoader
2017-08-13 13:11:23,754 - ResourceManager : found tpl/mapper.java.vm with loader org.apache.velocity.runtime.resource.loader.ClasspathResourceLoader
2017-08-13 13:11:23,757 - ResourceManager : found tpl/mapper.xml.vm with loader org.apache.velocity.runtime.resource.loader.ClasspathResourceLoader
2017-08-13 13:11:23,769 - ResourceManager : found tpl/service.java.vm with loader org.apache.velocity.runtime.resource.loader.ClasspathResourceLoader
2017-08-13 13:11:23,772 - ResourceManager : found tpl/serviceImpl.java.vm with loader org.apache.velocity.runtime.resource.loader.ClasspathResourceLoader
2017-08-13 13:11:23,777 - ResourceManager : found tpl/controller.java.vm with loader org.apache.velocity.runtime.resource.loader.ClasspathResourceLoader
